<?xml version="1.0" encoding="UTF-8"?>
<testsuite name="Scenario: Search Relevant UnAuthored Products - Front End" time="0" tests="3" errors="0" skipped="3" failures="0">
  <properties>
[...]
</properties>
  <testcase name="Given A fishersci user is on the fishersci website" classname="Scenario: Search Relevant UnAuthored Products - Front End" time="0">
    <skipped/>
    <system-out><![CDATA[@ProductTitle
Feature: Product Title
Before Class
PhantomJS/GhostDriver Started
Driver Init...
]]></system-out>
    <system-err><![CDATA[Jun 09, 2017 12:04:10 PM org.openqa.selenium.phantomjs.PhantomJSDriverService <init>
INFO: executable: /Users/carl.laneave/phantomjs-2.1.1-macosx/bin/phantomjs
Jun 09, 2017 12:04:10 PM org.openqa.selenium.phantomjs.PhantomJSDriverService <init>
INFO: port: 47080
Jun 09, 2017 12:04:10 PM org.openqa.selenium.phantomjs.PhantomJSDriverService <init>
INFO: arguments: [--webdriver=47080, --webdriver-logfile=/Users/carl.laneave/automation/tf-account-center-automation/phantomjsdriver.log]
Jun 09, 2017 12:04:10 PM org.openqa.selenium.phantomjs.PhantomJSDriverService <init>
INFO: environment: {}
[INFO  - 2017-06-09T16:04:11.736Z] GhostDriver - Main - running on port 47080
[INFO  - 2017-06-09T16:04:11.863Z] Session [4706e230-4d2d-11e7-b89a-0b75ba94e1c5] - page.settings - {"XSSAuditingEnabled":false,"javascriptCanCloseWindows":true,"javascriptCanOpenWindows":true,"javascriptEnabled":true,"loadImages":true,"localToRemoteUrlAccessEnabled":false,"userAgent":"Mozilla/5.0 (Macintosh; Intel Mac OS X) AppleWebKit/538.1 (KHTML, like Gecko) PhantomJS/2.1.1 Safari/538.1","webSecurityEnabled":true}
[INFO  - 2017-06-09T16:04:11.863Z] Session [4706e230-4d2d-11e7-b89a-0b75ba94e1c5] - page.customHeaders:  - {}
[INFO  - 2017-06-09T16:04:11.863Z] Session [4706e230-4d2d-11e7-b89a-0b75ba94e1c5] - Session.negotiatedCapabilities - {"browserName":"phantomjs","version":"2.1.1","driverName":"ghostdriver","driverVersion":"1.2.0","platform":"mac-unknown-64bit","javascriptEnabled":true,"takesScreenshot":true,"handlesAlerts":false,"databaseEnabled":false,"locationContextEnabled":false,"applicationCacheEnabled":false,"browserConnectionEnabled":false,"cssSelectorsEnabled":true,"webStorageEnabled":false,"rotatable":false,"acceptSslCerts":false,"nativeEvents":true,"proxy":{"proxyType":"direct"}}
[INFO  - 2017-06-09T16:04:11.863Z] SessionManagerReqHand - _postNewSessionCommand - New Session Created: 4706e230-4d2d-11e7-b89a-0b75ba94e1c5
]]></system-err>
  </testcase>
  <testcase name="When user types in relevant UnAuthored Products in the Search box" classname="Scenario: Search Relevant UnAuthored Products - Front End" time="0">
    <skipped/>
  </testcase>
  <testcase name="Then those Products should show up first in the search results" classname="Scenario: Search Relevant UnAuthored Products - Front End" time="0">
    <skipped/>
  </testcase>
</testsuite>