<?xml version="1.0" encoding="UTF-8"?>
<testsuite name="| 22261936 |" time="0" tests="27" errors="0" skipped="21" failures="0">
  <properties>
[...]
</properties>
  <testcase name="Scenario: Search Relevant UnAuthored Products - Front End" classname="Scenario: Search Relevant UnAuthored Products - Front End" time="0">
    <skipped/>
    <system-out><![CDATA[Driver Quit...
]]></system-out>
    <system-err><![CDATA[[INFO  - 2017-06-09T16:04:13.086Z] ShutdownReqHand - _handle - About to shutdown
]]></system-err>
  </testcase>
  <testcase name="Scenario: Search Relevant UnAuthored Products - Front End" classname="Scenario: Search Relevant UnAuthored Products - Front End" time="0.001"/>
  <testcase name="Given Unauthored Products are missing data in Product Title field" classname="| 0570786 |" time="0">
    <skipped/>
    <system-out><![CDATA[
  @DTFS-89 @version:FS.2017.4.0 @OPEN @DTFS-89 @DTFS-89.2
  Scenario: Search Relevant UnAuthored Products - Front End           # ProductTitle.feature:6
    Given A fishersci user is on the fishersci website
    When user types in relevant UnAuthored Products in the Search box
    Then those Products should show up first in the search results

  @DTFS-89 @version:FS.2017.4.0 @OPEN @DTFS-89 @DTFS-89.1
  Scenario Outline: Material Description mapped to Product Title - Back End               # ProductTitle.feature:14
    Given Unauthored Products are missing data in Product Title field
    When user searches for those Unauthored Products "<Products>"
    Then Material Desc should get mapped to Product Title for those products "<Products>"

    Examples: 
Before Class
PhantomJS/GhostDriver Started
Driver Init...
]]></system-out>
    <system-err><![CDATA[Jun 09, 2017 12:04:14 PM org.openqa.selenium.phantomjs.PhantomJSDriverService <init>
INFO: executable: /Users/carl.laneave/phantomjs-2.1.1-macosx/bin/phantomjs
Jun 09, 2017 12:04:14 PM org.openqa.selenium.phantomjs.PhantomJSDriverService <init>
INFO: port: 30130
Jun 09, 2017 12:04:14 PM org.openqa.selenium.phantomjs.PhantomJSDriverService <init>
INFO: arguments: [--webdriver=30130, --webdriver-logfile=/Users/carl.laneave/automation/tf-account-center-automation/phantomjsdriver.log]
Jun 09, 2017 12:04:14 PM org.openqa.selenium.phantomjs.PhantomJSDriverService <init>
INFO: environment: {}
[INFO  - 2017-06-09T16:04:15.115Z] GhostDriver - Main - running on port 30130
[INFO  - 2017-06-09T16:04:15.162Z] Session [48fe4560-4d2d-11e7-a9a2-61aaea1ba3fb] - page.settings - {"XSSAuditingEnabled":false,"javascriptCanCloseWindows":true,"javascriptCanOpenWindows":true,"javascriptEnabled":true,"loadImages":true,"localToRemoteUrlAccessEnabled":false,"userAgent":"Mozilla/5.0 (Macintosh; Intel Mac OS X) AppleWebKit/538.1 (KHTML, like Gecko) PhantomJS/2.1.1 Safari/538.1","webSecurityEnabled":true}
[INFO  - 2017-06-09T16:04:15.162Z] Session [48fe4560-4d2d-11e7-a9a2-61aaea1ba3fb] - page.customHeaders:  - {}
[INFO  - 2017-06-09T16:04:15.162Z] Session [48fe4560-4d2d-11e7-a9a2-61aaea1ba3fb] - Session.negotiatedCapabilities - {"browserName":"phantomjs","version":"2.1.1","driverName":"ghostdriver","driverVersion":"1.2.0","platform":"mac-unknown-64bit","javascriptEnabled":true,"takesScreenshot":true,"handlesAlerts":false,"databaseEnabled":false,"locationContextEnabled":false,"applicationCacheEnabled":false,"browserConnectionEnabled":false,"cssSelectorsEnabled":true,"webStorageEnabled":false,"rotatable":false,"acceptSslCerts":false,"nativeEvents":true,"proxy":{"proxyType":"direct"}}
[INFO  - 2017-06-09T16:04:15.162Z] SessionManagerReqHand - _postNewSessionCommand - New Session Created: 48fe4560-4d2d-11e7-a9a2-61aaea1ba3fb
]]></system-err>
  </testcase>
  <testcase name="When user searches for those Unauthored Products &quot;0570786&quot;" classname="| 0570786 |" time="0">
    <skipped/>
  </testcase>
  <testcase name="Then Material Desc should get mapped to Product Title for those products &quot;0570786&quot;" classname="| 0570786 |" time="0">
    <skipped/>
  </testcase>
  <testcase name="| 0570786 |" classname="| 0570786 |" time="0">
    <skipped/>
    <system-out><![CDATA[Driver Quit...
]]></system-out>
    <system-err><![CDATA[[INFO  - 2017-06-09T16:04:16.318Z] ShutdownReqHand - _handle - About to shutdown
]]></system-err>
  </testcase>
  <testcase name="| 0570786 |" classname="| 0570786 |" time="3.207"/>
  <testcase name="Given Unauthored Products are missing data in Product Title field" classname="| M1178660001 |" time="0">
    <skipped/>
    <system-out><![CDATA[Before Class
PhantomJS/GhostDriver Started
Driver Init...

  @OPEN @DTFS-89.1 @version:FS.2017.4.0 @DTFS-89 @ProductTitle
  Scenario Outline: Material Description mapped to Product Title - Back End            # ProductTitle.feature:22
    Given Unauthored Products are missing data in Product Title field
    When user searches for those Unauthored Products "0570786"
    Then Material Desc should get mapped to Product Title for those products "0570786"
]]></system-out>
    <system-err><![CDATA[Jun 09, 2017 12:04:17 PM org.openqa.selenium.phantomjs.PhantomJSDriverService <init>
INFO: executable: /Users/carl.laneave/phantomjs-2.1.1-macosx/bin/phantomjs
Jun 09, 2017 12:04:17 PM org.openqa.selenium.phantomjs.PhantomJSDriverService <init>
INFO: port: 36809
Jun 09, 2017 12:04:17 PM org.openqa.selenium.phantomjs.PhantomJSDriverService <init>
INFO: arguments: [--webdriver=36809, --webdriver-logfile=/Users/carl.laneave/automation/tf-account-center-automation/phantomjsdriver.log]
Jun 09, 2017 12:04:17 PM org.openqa.selenium.phantomjs.PhantomJSDriverService <init>
INFO: environment: {}
[INFO  - 2017-06-09T16:04:18.359Z] GhostDriver - Main - running on port 36809
[INFO  - 2017-06-09T16:04:18.385Z] Session [4aea0fd0-4d2d-11e7-abb4-c74d7b4664d0] - page.settings - {"XSSAuditingEnabled":false,"javascriptCanCloseWindows":true,"javascriptCanOpenWindows":true,"javascriptEnabled":true,"loadImages":true,"localToRemoteUrlAccessEnabled":false,"userAgent":"Mozilla/5.0 (Macintosh; Intel Mac OS X) AppleWebKit/538.1 (KHTML, like Gecko) PhantomJS/2.1.1 Safari/538.1","webSecurityEnabled":true}
[INFO  - 2017-06-09T16:04:18.385Z] Session [4aea0fd0-4d2d-11e7-abb4-c74d7b4664d0] - page.customHeaders:  - {}
[INFO  - 2017-06-09T16:04:18.385Z] Session [4aea0fd0-4d2d-11e7-abb4-c74d7b4664d0] - Session.negotiatedCapabilities - {"browserName":"phantomjs","version":"2.1.1","driverName":"ghostdriver","driverVersion":"1.2.0","platform":"mac-unknown-64bit","javascriptEnabled":true,"takesScreenshot":true,"handlesAlerts":false,"databaseEnabled":false,"locationContextEnabled":false,"applicationCacheEnabled":false,"browserConnectionEnabled":false,"cssSelectorsEnabled":true,"webStorageEnabled":false,"rotatable":false,"acceptSslCerts":false,"nativeEvents":true,"proxy":{"proxyType":"direct"}}
[INFO  - 2017-06-09T16:04:18.385Z] SessionManagerReqHand - _postNewSessionCommand - New Session Created: 4aea0fd0-4d2d-11e7-abb4-c74d7b4664d0
]]></system-err>
  </testcase>
  <testcase name="When user searches for those Unauthored Products &quot;M1178660001&quot;" classname="| M1178660001 |" time="0">
    <skipped/>
  </testcase>
  <testcase name="Then Material Desc should get mapped to Product Title for those products &quot;M1178660001&quot;" classname="| M1178660001 |" time="0">
    <skipped/>
  </testcase>
  <testcase name="| M1178660001 |" classname="| M1178660001 |" time="0">
    <skipped/>
    <system-out><![CDATA[Driver Quit...
]]></system-out>
    <system-err><![CDATA[[INFO  - 2017-06-09T16:04:20.246Z] ShutdownReqHand - _handle - About to shutdown
]]></system-err>
  </testcase>
  <testcase name="| M1178660001 |" classname="| M1178660001 |" time="3.927"/>
  <testcase name="Given Unauthored Products are missing data in Product Title field" classname="| AA35230LS |" time="0">
    <skipped/>
    <system-out><![CDATA[Before Class
PhantomJS/GhostDriver Started
Driver Init...

  @OPEN @DTFS-89.1 @version:FS.2017.4.0 @DTFS-89 @ProductTitle
  Scenario Outline: Material Description mapped to Product Title - Back End                # ProductTitle.feature:23
    Given Unauthored Products are missing data in Product Title field
    When user searches for those Unauthored Products "M1178660001"
    Then Material Desc should get mapped to Product Title for those products "M1178660001"
]]></system-out>
    <system-err><![CDATA[Jun 09, 2017 12:04:21 PM org.openqa.selenium.phantomjs.PhantomJSDriverService <init>
INFO: executable: /Users/carl.laneave/phantomjs-2.1.1-macosx/bin/phantomjs
Jun 09, 2017 12:04:21 PM org.openqa.selenium.phantomjs.PhantomJSDriverService <init>
INFO: port: 37578
Jun 09, 2017 12:04:21 PM org.openqa.selenium.phantomjs.PhantomJSDriverService <init>
INFO: arguments: [--webdriver=37578, --webdriver-logfile=/Users/carl.laneave/automation/tf-account-center-automation/phantomjsdriver.log]
Jun 09, 2017 12:04:21 PM org.openqa.selenium.phantomjs.PhantomJSDriverService <init>
INFO: environment: {}
[INFO  - 2017-06-09T16:04:22.268Z] GhostDriver - Main - running on port 37578
[INFO  - 2017-06-09T16:04:22.314Z] Session [4d416d50-4d2d-11e7-9047-196b1b61c262] - page.settings - {"XSSAuditingEnabled":false,"javascriptCanCloseWindows":true,"javascriptCanOpenWindows":true,"javascriptEnabled":true,"loadImages":true,"localToRemoteUrlAccessEnabled":false,"userAgent":"Mozilla/5.0 (Macintosh; Intel Mac OS X) AppleWebKit/538.1 (KHTML, like Gecko) PhantomJS/2.1.1 Safari/538.1","webSecurityEnabled":true}
[INFO  - 2017-06-09T16:04:22.314Z] Session [4d416d50-4d2d-11e7-9047-196b1b61c262] - page.customHeaders:  - {}
[INFO  - 2017-06-09T16:04:22.314Z] Session [4d416d50-4d2d-11e7-9047-196b1b61c262] - Session.negotiatedCapabilities - {"browserName":"phantomjs","version":"2.1.1","driverName":"ghostdriver","driverVersion":"1.2.0","platform":"mac-unknown-64bit","javascriptEnabled":true,"takesScreenshot":true,"handlesAlerts":false,"databaseEnabled":false,"locationContextEnabled":false,"applicationCacheEnabled":false,"browserConnectionEnabled":false,"cssSelectorsEnabled":true,"webStorageEnabled":false,"rotatable":false,"acceptSslCerts":false,"nativeEvents":true,"proxy":{"proxyType":"direct"}}
[INFO  - 2017-06-09T16:04:22.314Z] SessionManagerReqHand - _postNewSessionCommand - New Session Created: 4d416d50-4d2d-11e7-9047-196b1b61c262
]]></system-err>
  </testcase>
  <testcase name="When user searches for those Unauthored Products &quot;AA35230LS&quot;" classname="| AA35230LS |" time="0">
    <skipped/>
  </testcase>
  <testcase name="Then Material Desc should get mapped to Product Title for those products &quot;AA35230LS&quot;" classname="| AA35230LS |" time="0">
    <skipped/>
  </testcase>
  <testcase name="| AA35230LS |" classname="| AA35230LS |" time="0">
    <skipped/>
    <system-out><![CDATA[Driver Quit...
]]></system-out>
    <system-err><![CDATA[[INFO  - 2017-06-09T16:04:23.987Z] ShutdownReqHand - _handle - About to shutdown
]]></system-err>
  </testcase>
  <testcase name="| AA35230LS |" classname="| AA35230LS |" time="3.737"/>
  <testcase name="Given Unauthored Products are missing data in Product Title field" classname="| AA35233LS |" time="0">
    <skipped/>
    <system-out><![CDATA[Before Class
PhantomJS/GhostDriver Started
Driver Init...

  @OPEN @DTFS-89.1 @version:FS.2017.4.0 @DTFS-89 @ProductTitle
  Scenario Outline: Material Description mapped to Product Title - Back End              # ProductTitle.feature:24
    Given Unauthored Products are missing data in Product Title field
    When user searches for those Unauthored Products "AA35230LS"
    Then Material Desc should get mapped to Product Title for those products "AA35230LS"
]]></system-out>
    <system-err><![CDATA[Jun 09, 2017 12:04:25 PM org.openqa.selenium.phantomjs.PhantomJSDriverService <init>
INFO: executable: /Users/carl.laneave/phantomjs-2.1.1-macosx/bin/phantomjs
Jun 09, 2017 12:04:25 PM org.openqa.selenium.phantomjs.PhantomJSDriverService <init>
INFO: port: 15640
Jun 09, 2017 12:04:25 PM org.openqa.selenium.phantomjs.PhantomJSDriverService <init>
INFO: arguments: [--webdriver=15640, --webdriver-logfile=/Users/carl.laneave/automation/tf-account-center-automation/phantomjsdriver.log]
Jun 09, 2017 12:04:25 PM org.openqa.selenium.phantomjs.PhantomJSDriverService <init>
INFO: environment: {}
[INFO  - 2017-06-09T16:04:25.984Z] GhostDriver - Main - running on port 15640
[INFO  - 2017-06-09T16:04:26.051Z] Session [4f7ba5e0-4d2d-11e7-9692-e97a7963c7d9] - page.settings - {"XSSAuditingEnabled":false,"javascriptCanCloseWindows":true,"javascriptCanOpenWindows":true,"javascriptEnabled":true,"loadImages":true,"localToRemoteUrlAccessEnabled":false,"userAgent":"Mozilla/5.0 (Macintosh; Intel Mac OS X) AppleWebKit/538.1 (KHTML, like Gecko) PhantomJS/2.1.1 Safari/538.1","webSecurityEnabled":true}
[INFO  - 2017-06-09T16:04:26.051Z] Session [4f7ba5e0-4d2d-11e7-9692-e97a7963c7d9] - page.customHeaders:  - {}
[INFO  - 2017-06-09T16:04:26.051Z] Session [4f7ba5e0-4d2d-11e7-9692-e97a7963c7d9] - Session.negotiatedCapabilities - {"browserName":"phantomjs","version":"2.1.1","driverName":"ghostdriver","driverVersion":"1.2.0","platform":"mac-unknown-64bit","javascriptEnabled":true,"takesScreenshot":true,"handlesAlerts":false,"databaseEnabled":false,"locationContextEnabled":false,"applicationCacheEnabled":false,"browserConnectionEnabled":false,"cssSelectorsEnabled":true,"webStorageEnabled":false,"rotatable":false,"acceptSslCerts":false,"nativeEvents":true,"proxy":{"proxyType":"direct"}}
[INFO  - 2017-06-09T16:04:26.051Z] SessionManagerReqHand - _postNewSessionCommand - New Session Created: 4f7ba5e0-4d2d-11e7-9692-e97a7963c7d9
]]></system-err>
  </testcase>
  <testcase name="When user searches for those Unauthored Products &quot;AA35233LS&quot;" classname="| AA35233LS |" time="0">
    <skipped/>
  </testcase>
  <testcase name="Then Material Desc should get mapped to Product Title for those products &quot;AA35233LS&quot;" classname="| AA35233LS |" time="0">
    <skipped/>
  </testcase>
  <testcase name="| AA35233LS |" classname="| AA35233LS |" time="0">
    <skipped/>
    <system-out><![CDATA[Driver Quit...
]]></system-out>
    <system-err><![CDATA[[INFO  - 2017-06-09T16:04:26.991Z] ShutdownReqHand - _handle - About to shutdown
]]></system-err>
  </testcase>
  <testcase name="| AA35233LS |" classname="| AA35233LS |" time="3.012"/>
  <testcase name="Given Unauthored Products are missing data in Product Title field" classname="| 22261936 |" time="0">
    <skipped/>
    <system-out><![CDATA[Before Class
PhantomJS/GhostDriver Started
Driver Init...

  @OPEN @DTFS-89.1 @version:FS.2017.4.0 @DTFS-89 @ProductTitle
  Scenario Outline: Material Description mapped to Product Title - Back End              # ProductTitle.feature:25
    Given Unauthored Products are missing data in Product Title field
    When user searches for those Unauthored Products "AA35233LS"
    Then Material Desc should get mapped to Product Title for those products "AA35233LS"
]]></system-out>
    <system-err><![CDATA[Jun 09, 2017 12:04:28 PM org.openqa.selenium.phantomjs.PhantomJSDriverService <init>
INFO: executable: /Users/carl.laneave/phantomjs-2.1.1-macosx/bin/phantomjs
Jun 09, 2017 12:04:28 PM org.openqa.selenium.phantomjs.PhantomJSDriverService <init>
INFO: port: 28588
Jun 09, 2017 12:04:28 PM org.openqa.selenium.phantomjs.PhantomJSDriverService <init>
INFO: arguments: [--webdriver=28588, --webdriver-logfile=/Users/carl.laneave/automation/tf-account-center-automation/phantomjsdriver.log]
Jun 09, 2017 12:04:28 PM org.openqa.selenium.phantomjs.PhantomJSDriverService <init>
INFO: environment: {}
[INFO  - 2017-06-09T16:04:29.023Z] GhostDriver - Main - running on port 28588
[INFO  - 2017-06-09T16:04:29.060Z] Session [5146c8f0-4d2d-11e7-bcab-d97c66e2c935] - page.settings - {"XSSAuditingEnabled":false,"javascriptCanCloseWindows":true,"javascriptCanOpenWindows":true,"javascriptEnabled":true,"loadImages":true,"localToRemoteUrlAccessEnabled":false,"userAgent":"Mozilla/5.0 (Macintosh; Intel Mac OS X) AppleWebKit/538.1 (KHTML, like Gecko) PhantomJS/2.1.1 Safari/538.1","webSecurityEnabled":true}
[INFO  - 2017-06-09T16:04:29.060Z] Session [5146c8f0-4d2d-11e7-bcab-d97c66e2c935] - page.customHeaders:  - {}
[INFO  - 2017-06-09T16:04:29.060Z] Session [5146c8f0-4d2d-11e7-bcab-d97c66e2c935] - Session.negotiatedCapabilities - {"browserName":"phantomjs","version":"2.1.1","driverName":"ghostdriver","driverVersion":"1.2.0","platform":"mac-unknown-64bit","javascriptEnabled":true,"takesScreenshot":true,"handlesAlerts":false,"databaseEnabled":false,"locationContextEnabled":false,"applicationCacheEnabled":false,"browserConnectionEnabled":false,"cssSelectorsEnabled":true,"webStorageEnabled":false,"rotatable":false,"acceptSslCerts":false,"nativeEvents":true,"proxy":{"proxyType":"direct"}}
[INFO  - 2017-06-09T16:04:29.060Z] SessionManagerReqHand - _postNewSessionCommand - New Session Created: 5146c8f0-4d2d-11e7-bcab-d97c66e2c935
]]></system-err>
  </testcase>
  <testcase name="When user searches for those Unauthored Products &quot;22261936&quot;" classname="| 22261936 |" time="0">
    <skipped/>
  </testcase>
  <testcase name="Then Material Desc should get mapped to Product Title for those products &quot;22261936&quot;" classname="| 22261936 |" time="0">
    <skipped/>
  </testcase>
  <testcase name="| 22261936 |" classname="| 22261936 |" time="0">
    <skipped/>
    <system-out><![CDATA[Driver Quit...
]]></system-out>
    <system-err><![CDATA[[INFO  - 2017-06-09T16:04:30.330Z] ShutdownReqHand - _handle - About to shutdown
]]></system-err>
  </testcase>
  <testcase name="| 22261936 |" classname="| 22261936 |" time="3.335"/>
</testsuite>